Arguments: 
  F:\Program Files (x86)\node\node.exe C:\Users\Alexandre\AppData\Roaming\npm\node_modules\yarn\bin\yarn.js init

PATH: 
  C:\Users\Alexandre\bin;F:\Program Files (x86)\Git\mingw64\bin;F:\Program Files (x86)\Git\usr\local\bin;F:\Program Files (x86)\Git\usr\bin;F:\Program Files (x86)\Git\usr\bin;F:\Program Files (x86)\Git\mingw64\bin;F:\Program Files (x86)\Git\usr\bin;C:\Users\Alexandre\bin;C:\WINDOWS\system32;C:\WINDOWS;C:\WINDOWS\System32\Wbem;C:\WINDOWS\System32\WindowsPowerShell\v1.0;C:\WINDOWS\System32\OpenSSH;F:\Program Files (x86)\Git\cmd;F:\Program Files (x86)\node;D:\Program Files (x86)\Microsoft VS Code\bin;D:\Python27;C:\Users\Alexandre\AppData\Local\Microsoft\WindowsApps;D:\Program Files (x86)\Microsoft VS Code\bin;C:\Users\Alexandre\AppData\Roaming\npm;C:\Users\Alexandre\AppData\Local\atom\bin;D:\Python27;F:\Program Files (x86)\Git\usr\bin\vendor_perl;F:\Program Files (x86)\Git\usr\bin\core_perl

Yarn version: 
  1.16.0

Node version: 
  10.16.0

Platform: 
  win32 x64

Trace: 
  Error: Can't answer a question unless a user TTY
      at ConsoleReporter.question (C:\Users\Alexandre\AppData\Roaming\npm\node_modules\yarn\lib\cli.js:96033:59)
      at Object.<anonymous> (C:\Users\Alexandre\AppData\Roaming\npm\node_modules\yarn\lib\cli.js:88394:38)
      at Generator.next (<anonymous>)
      at step (C:\Users\Alexandre\AppData\Roaming\npm\node_modules\yarn\lib\cli.js:304:30)
      at C:\Users\Alexandre\AppData\Roaming\npm\node_modules\yarn\lib\cli.js:315:13
      at process._tickCallback (internal/process/next_tick.js:68:7)

npm manifest: 
  No manifest

yarn manifest: 
  No manifest

Lockfile: 
  No lockfile
